Build started 16/11/2013 3:32:31 AM.
     1>Project "C:\Users\David\Git\School\CS3246\Project-3-Cpp\PeopleAnalytics\PeopleAnalytics\PeopleAnalytics.vcxproj" on node 2 (Build target(s)).
     1>ClCompile:
         C:\Program Files (x86)\Microsoft Visual Studio 10.0\VC\bin\CL.exe /c /I"C:\OpenCV-2.4.6\build\x86\vc10\..\..\include" /I"C:\OpenCV-2.4.6\build\x86\vc10\..\..\include\opencv" /I"C:\OpenCV-2.4.6\build\x86\vc10\..\..\include\opencv2" /ZI /nologo /W3 /WX- /Od /Oy- /D WIN32 /D _DEBUG /D _CONSOLE /D _LIB /D _UNICODE /D UNICODE /Gm /EHsc /RTC1 /MDd /GS /fp:precise /Zc:wchar_t /Zc:forScope /Fo"Debug\\" /Fd"Debug\vc100.pdb" /Gd /TP /analyze- /errorReport:prompt WebcamCapture.cpp
         WebcamCapture.cpp
     1>c:\users\david\git\school\cs3246\project-3-cpp\peopleanalytics\peopleanalytics\webcamcapture.cpp(73): warning C4018: '<' : signed/unsigned mismatch
     1>c:\users\david\git\school\cs3246\project-3-cpp\peopleanalytics\peopleanalytics\webcamcapture.cpp(75): warning C4244: 'argument' : conversion from 'double' to 'int', possible loss of data
     1>c:\users\david\git\school\cs3246\project-3-cpp\peopleanalytics\peopleanalytics\webcamcapture.cpp(75): warning C4244: 'argument' : conversion from 'double' to 'int', possible loss of data
     1>c:\users\david\git\school\cs3246\project-3-cpp\peopleanalytics\peopleanalytics\webcamcapture.cpp(76): warning C4244: 'argument' : conversion from 'double' to 'int', possible loss of data
     1>c:\users\david\git\school\cs3246\project-3-cpp\peopleanalytics\peopleanalytics\webcamcapture.cpp(76): warning C4244: 'argument' : conversion from 'double' to 'int', possible loss of data
     1>c:\users\david\git\school\cs3246\project-3-cpp\peopleanalytics\peopleanalytics\webcamcapture.cpp(84): warning C4018: '<' : signed/unsigned mismatch
     1>c:\users\david\git\school\cs3246\project-3-cpp\peopleanalytics\peopleanalytics\webcamcapture.cpp(86): warning C4244: 'argument' : conversion from 'double' to 'int', possible loss of data
     1>c:\users\david\git\school\cs3246\project-3-cpp\peopleanalytics\peopleanalytics\webcamcapture.cpp(86): warning C4244: 'argument' : conversion from 'double' to 'int', possible loss of data
     1>c:\users\david\git\school\cs3246\project-3-cpp\peopleanalytics\peopleanalytics\webcamcapture.cpp(94): warning C4018: '<' : signed/unsigned mismatch
     1>c:\users\david\git\school\cs3246\project-3-cpp\peopleanalytics\peopleanalytics\webcamcapture.cpp(96): warning C4244: 'argument' : conversion from 'double' to 'int', possible loss of data
     1>c:\users\david\git\school\cs3246\project-3-cpp\peopleanalytics\peopleanalytics\webcamcapture.cpp(96): warning C4244: 'argument' : conversion from 'double' to 'int', possible loss of data
     1>c:\users\david\git\school\cs3246\project-3-cpp\peopleanalytics\peopleanalytics\webcamcapture.cpp(97): warning C4244: 'argument' : conversion from 'double' to 'int', possible loss of data
     1>c:\users\david\git\school\cs3246\project-3-cpp\peopleanalytics\peopleanalytics\webcamcapture.cpp(97): warning C4244: 'argument' : conversion from 'double' to 'int', possible loss of data
       Link:
         C:\Program Files (x86)\Microsoft Visual Studio 10.0\VC\bin\link.exe /ERRORREPORT:PROMPT /OUT:"C:\Users\David\Git\School\CS3246\Project-3-Cpp\PeopleAnalytics\Debug\PeopleAnalytics.exe" /INCREMENTAL /NOLOGO /LIBPATH:"C:\OpenCV-2.4.6\build\x86\vc10\lib" kernel32.lib user32.lib gdi32.lib winspool.lib comdlg32.lib advapi32.lib shell32.lib ole32.lib oleaut32.lib uuid.lib odbc32.lib odbccp32.lib opencv_core246d.lib opencv_imgproc246d.lib opencv_highgui246d.lib opencv_ml246d.lib opencv_video246d.lib opencv_features2d246d.lib opencv_calib3d246d.lib opencv_objdetect246d.lib opencv_contrib246d.lib opencv_legacy246d.lib opencv_flann246d.lib /MANIFEST /ManifestFile:"Debug\PeopleAnalytics.exe.intermediate.manifest" /MANIFESTUAC:"level='asInvoker' uiAccess='false'" /DEBUG /PDB:"C:\Users\David\Git\School\CS3246\Project-3-Cpp\PeopleAnalytics\Debug\PeopleAnalytics.pdb" /SUBSYSTEM:CONSOLE /TLBID:1 /DYNAMICBASE /NXCOMPAT /IMPLIB:"C:\Users\David\Git\School\CS3246\Project-3-Cpp\PeopleAnalytics\Debug\PeopleAnalytics.lib" /MACHINE:X86 Debug\PeopleAnalytics.exe.embed.manifest.res
         Debug\GenderClassifier.obj
         Debug\WebcamCapture.obj
       Manifest:
         C:\Program Files (x86)\Microsoft SDKs\Windows\v7.0A\bin\mt.exe /nologo /verbose /out:"Debug\PeopleAnalytics.exe.embed.manifest" /manifest Debug\PeopleAnalytics.exe.intermediate.manifest
       LinkEmbedManifest:
         PeopleAnalytics.vcxproj -> C:\Users\David\Git\School\CS3246\Project-3-Cpp\PeopleAnalytics\Debug\PeopleAnalytics.exe
     1>Done Building Project "C:\Users\David\Git\School\CS3246\Project-3-Cpp\PeopleAnalytics\PeopleAnalytics\PeopleAnalytics.vcxproj" (Build target(s)).

Build succeeded.

Time Elapsed 00:00:01.52
